<?xml version="1.0" encoding="UTF-8"?>
<!-- Generated by org.testng.reporters.JUnitReportReporter -->
<testsuite skipped="0" hostname="DESKTOP-AS04SD4" name="Test_Scripts.Scripts_LogInPage" tests="4" failures="0" timestamp="25 Aug 2017 08:01:11 GMT" time="13.870" errors="0">
  <testcase name="Testcase003_LogIn_Valid" time="1.723" classname="Test_Scripts.Scripts_LogInPage"/>
  <testcase name="Testcase004_Logout" time="2.147" classname="Test_Scripts.Scripts_LogInPage"/>
  <testcase name="Testcase001_LogInWrong_UserName" time="9.650" classname="Test_Scripts.Scripts_LogInPage"/>
  <testcase name="Testcase002_LogInWrong_PassWord" time="0.350" classname="Test_Scripts.Scripts_LogInPage"/>
</testsuite> <!-- Test_Scripts.Scripts_LogInPage -->
