<?xml version="1.0" encoding="UTF-8"?>
<!-- Generated by org.testng.reporters.JUnitReportReporter -->
<testsuite skipped="0" hostname="DESKTOP-AS04SD4" name="Test_Scripts.Scripts_OderProductPage" tests="1" failures="0" timestamp="05 Sep 2017 07:23:19 GMT" time="63.666" errors="0">
  <testcase name="TC_OderProduct" time="63.666" classname="Test_Scripts.Scripts_OderProductPage"/>
</testsuite> <!-- Test_Scripts.Scripts_OderProductPage -->
