<?xml version="1.0" encoding="UTF-8"?>
<!-- Generated by org.testng.reporters.JUnitReportReporter -->
<testsuite skipped="0" hostname="DESKTOP-AS04SD4" name="Test_Scripts.Scripts_RegisterPage" tests="3" failures="0" timestamp="06 Sep 2017 04:06:20 GMT" time="18.761" errors="0">
  <testcase name="Testcase002_Register_PassWorNotMatch" time="4.960" classname="Test_Scripts.Scripts_RegisterPage"/>
  <testcase name="Testcase001_Register_Email_Exist" time="10.190" classname="Test_Scripts.Scripts_RegisterPage"/>
  <testcase name="Testcase003_Register_Valid_Data" time="3.611" classname="Test_Scripts.Scripts_RegisterPage"/>
</testsuite> <!-- Test_Scripts.Scripts_RegisterPage -->
