<?xml version="1.0" encoding="UTF-8"?>
<!-- Generated by org.testng.reporters.JUnitReportReporter -->
<testsuite skipped="0" hostname="DESKTOP-AS04SD4" name="Test_Scripts.Scripts_LogInPage" tests="4" failures="0" timestamp="06 Sep 2017 03:52:23 GMT" time="13.509" errors="0">
  <testcase name="Testcase003_LogIn_Valid" time="1.937" classname="Test_Scripts.Scripts_LogInPage"/>
  <testcase name="Testcase002_LogInWrong_PassWord" time="0.534" classname="Test_Scripts.Scripts_LogInPage"/>
  <testcase name="Testcase001_LogInWrong_UserName" time="8.604" classname="Test_Scripts.Scripts_LogInPage"/>
  <testcase name="Testcase004_Logout" time="2.434" classname="Test_Scripts.Scripts_LogInPage"/>
</testsuite> <!-- Test_Scripts.Scripts_LogInPage -->
