<?xml version="1.0" encoding="UTF-8"?>
<!-- Generated by org.testng.reporters.JUnitReportReporter -->
<testsuite skipped="0" hostname="DESKTOP-AS04SD4" name="Test_Scripts.Scripts_AddToCartPage" tests="1" failures="0" timestamp="01 Sep 2017 04:35:05 GMT" time="21.816" errors="0">
  <testcase name="AddToCart" time="21.816" classname="Test_Scripts.Scripts_AddToCartPage"/>
</testsuite> <!-- Test_Scripts.Scripts_AddToCartPage -->
